<?xml version="1.0" encoding="UTF-8"?>
<!-- Generated by org.testng.reporters.JUnitReportReporter -->
<testsuite hostname="XVLT0371" failures="0" tests="3" name="runners.TestNGRunner" time="23.098" errors="0" timestamp="2024-02-28T10:39:00 IST" skipped="0">
  <testcase classname="runners.TestNGRunner" name="runScenario" time="4.972"/>
  <system-out/>
  <testcase classname="runners.TestNGRunner" name="runScenario" time="13.132"/>
  <system-out/>
  <testcase classname="runners.TestNGRunner" name="runScenario" time="4.994"/>
  <system-out/>
</testsuite> <!-- runners.TestNGRunner -->
