<?xml version="1.0" encoding="UTF-8"?>
<!-- Generated by org.testng.reporters.JUnitReportReporter -->
<testsuite hostname="XVLT0371" failures="0" tests="3" name="runners.TestNGRunner" time="40.041" errors="0" timestamp="28 Feb 2024 07:28:03 GMT" skipped="0">
  <testcase classname="runners.TestNGRunner" name="runScenario" time="9.842"/>
  <testcase classname="runners.TestNGRunner" name="runScenario" time="10.548"/>
  <testcase classname="runners.TestNGRunner" name="runScenario" time="19.651"/>
</testsuite> <!-- runners.TestNGRunner -->
